Using base prefix '/cvmfs/soft.computecanada.ca/easybuild/software/2017/Core/python/3.6.3'
New python executable in /localscratch/alinjose.52800585.0/env/bin/python
Installing setuptools, pip, wheel...done.
Ignoring pip: markers 'python_version < "3"' don't match your environment
Collecting pip
  Using cached https://files.pythonhosted.org/packages/4e/5f/528232275f6509b1fff703c9280e58951a81abe24640905de621c9f81839/pip-20.2.3-py2.py3-none-any.whl
Installing collected packages: pip
  Found existing installation: pip 9.0.1
    Uninstalling pip-9.0.1:
      Successfully uninstalled pip-9.0.1
Successfully installed pip-20.2.3
Looking in links: /cvmfs/soft.computecanada.ca/custom/python/wheelhouse/nix/avx2, /cvmfs/soft.computecanada.ca/custom/python/wheelhouse/nix/generic, /cvmfs/soft.computecanada.ca/custom/python/wheelhouse/generic
Ignoring pip: markers 'python_version < "3"' don't match your environment
Processing /cvmfs/soft.computecanada.ca/custom/python/wheelhouse/generic/absl_py-0.7.1-py3-none-any.whl
Collecting appnope==0.1.0
  Using cached appnope-0.1.0-py2.py3-none-any.whl (4.0 kB)
Processing /cvmfs/soft.computecanada.ca/custom/python/wheelhouse/generic/astor-0.7.1-py2.py3-none-any.whl
Processing /home/alinjose/.cache/pip/wheels/91/07/fd/99884826d575c769102ddec2f9b96c7ad57cc6b5ca3a5e02b4/autopep8-1.4.3-py2.py3-none-any.whl
Processing /cvmfs/soft.computecanada.ca/custom/python/wheelhouse/generic/backcall-0.1.0-py3-none-any.whl
Processing /cvmfs/soft.computecanada.ca/custom/python/wheelhouse/generic/cloudpickle-0.8.0-py2.py3-none-any.whl
Processing /home/alinjose/.cache/pip/wheels/b2/0f/fa/faf1ddc5dbe2fbd858f0d53fa7cc7b5f060d9986a3e1f18810/cPython-0.0.6-py3-none-any.whl
Processing /cvmfs/soft.computecanada.ca/custom/python/wheelhouse/generic/cycler-0.10.0-py3-none-any.whl
Collecting dask==1.1.1
  Using cached dask-1.1.1-py2.py3-none-any.whl (701 kB)
Processing /cvmfs/soft.computecanada.ca/custom/python/wheelhouse/generic/decorator-4.3.2-py2.py3-none-any.whl
Processing /cvmfs/soft.computecanada.ca/custom/python/wheelhouse/generic/easydict-1.9-py3-none-any.whl
Processing /cvmfs/soft.computecanada.ca/custom/python/wheelhouse/generic/gast-0.2.2-py3-none-any.whl
Processing /cvmfs/soft.computecanada.ca/custom/python/wheelhouse/generic/grpcio-1.17.1-cp36-cp36m-linux_x86_64.whl
Processing /cvmfs/soft.computecanada.ca/custom/python/wheelhouse/nix/avx2/h5py-2.9.0-cp36-cp36m-linux_x86_64.whl
Collecting ipython==7.2.0
  Using cached ipython-7.2.0-py3-none-any.whl (765 kB)
Processing /cvmfs/soft.computecanada.ca/custom/python/wheelhouse/generic/ipython_genutils-0.2.0-py2.py3-none-any.whl
Collecting jedi==0.13.2
  Using cached jedi-0.13.2-py2.py3-none-any.whl (177 kB)
Collecting Keras-Applications==1.0.7
  Using cached Keras_Applications-1.0.7-py2.py3-none-any.whl (51 kB)
Collecting Keras-Preprocessing==1.0.9
  Using cached Keras_Preprocessing-1.0.9-py2.py3-none-any.whl (59 kB)
Processing /cvmfs/soft.computecanada.ca/custom/python/wheelhouse/nix/generic/kiwisolver-1.0.1-cp36-cp36m-linux_x86_64.whl
Processing /cvmfs/soft.computecanada.ca/custom/python/wheelhouse/generic/Markdown-3.0.1-py2.py3-none-any.whl
Processing /cvmfs/soft.computecanada.ca/custom/python/wheelhouse/nix/generic/matplotlib-3.0.2-cp36-cp36m-linux_x86_64.whl
Processing /cvmfs/soft.computecanada.ca/custom/python/wheelhouse/generic/mock-2.0.0-py2.py3-none-any.whl
Processing /cvmfs/soft.computecanada.ca/custom/python/wheelhouse/generic/networkx-2.2-py2.py3-none-any.whl
Processing /cvmfs/soft.computecanada.ca/custom/python/wheelhouse/nix/generic/numpy-1.16.0-cp36-cp36m-linux_x86_64.whl
Processing /cvmfs/soft.computecanada.ca/custom/python/wheelhouse/generic/pandas-1.1.3-cp36-cp36m-linux_x86_64.whl
Processing /cvmfs/soft.computecanada.ca/custom/python/wheelhouse/generic/parso-0.3.4-py2.py3-none-any.whl
Collecting pbr==5.1.2
  Using cached pbr-5.1.2-py2.py3-none-any.whl (107 kB)
Processing /cvmfs/soft.computecanada.ca/custom/python/wheelhouse/generic/pexpect-4.6.0-py2.py3-none-any.whl
Processing /cvmfs/soft.computecanada.ca/custom/python/wheelhouse/generic/pickleshare-0.7.5-py2.py3-none-any.whl
Processing /cvmfs/soft.computecanada.ca/custom/python/wheelhouse/generic/Pillow-5.4.1-cp36-cp36m-linux_x86_64.whl
Collecting prompt-toolkit==2.0.8
  Using cached prompt_toolkit-2.0.8-py3-none-any.whl (342 kB)
Processing /cvmfs/soft.computecanada.ca/custom/python/wheelhouse/nix/generic/protobuf-3.6.1-cp36-cp36m-linux_x86_64.whl
Processing /cvmfs/soft.computecanada.ca/custom/python/wheelhouse/generic/ptyprocess-0.6.0-py3-none-any.whl
Collecting pycodestyle==2.5.0
  Using cached pycodestyle-2.5.0-py2.py3-none-any.whl (51 kB)
Processing /cvmfs/soft.computecanada.ca/custom/python/wheelhouse/generic/Pygments-2.3.1-py2.py3-none-any.whl
Processing /cvmfs/soft.computecanada.ca/custom/python/wheelhouse/generic/pyparsing-2.3.1-py2.py3-none-any.whl
Processing /cvmfs/soft.computecanada.ca/custom/python/wheelhouse/generic/python_dateutil-2.8.0-py2.py3-none-any.whl
Processing /cvmfs/soft.computecanada.ca/custom/python/wheelhouse/generic/PyWavelets-1.0.1-cp36-cp36m-linux_x86_64.whl
Processing /cvmfs/soft.computecanada.ca/custom/python/wheelhouse/generic/scikit_image-0.14.2-cp36-cp36m-linux_x86_64.whl
Processing /cvmfs/soft.computecanada.ca/custom/python/wheelhouse/generic/scikit_learn-0.23.0-cp36-cp36m-linux_x86_64.whl
Processing /cvmfs/soft.computecanada.ca/custom/python/wheelhouse/nix/generic/scipy-1.2.1-cp36-cp36m-linux_x86_64.whl
Processing /cvmfs/soft.computecanada.ca/custom/python/wheelhouse/generic/six-1.12.0-py2.py3-none-any.whl
Processing /cvmfs/soft.computecanada.ca/custom/python/wheelhouse/generic/tensorboard-1.12.2-py3-none-any.whl
Collecting tensorboardX==1.6
  Using cached tensorboardX-1.6-py2.py3-none-any.whl (129 kB)
Processing /cvmfs/soft.computecanada.ca/custom/python/wheelhouse/generic/tensorflow_gpu-2.3.0-cp36-cp36m-linux_x86_64.whl
Collecting tensorflow-estimator==1.13.0rc0
  Using cached tensorflow_estimator-1.13.0rc0-py2.py3-none-any.whl (367 kB)
Processing /cvmfs/soft.computecanada.ca/custom/python/wheelhouse/generic/termcolor-1.1.0-py3-none-any.whl
Processing /cvmfs/soft.computecanada.ca/custom/python/wheelhouse/generic/toolz-0.9.0-py3-none-any.whl
Processing /cvmfs/soft.computecanada.ca/custom/python/wheelhouse/generic/torch-1.0.1.post2-cp36-cp36m-linux_x86_64.whl
Processing /cvmfs/soft.computecanada.ca/custom/python/wheelhouse/generic/torchvision-0.2.1-py2.py3-none-any.whl
Processing /cvmfs/soft.computecanada.ca/custom/python/wheelhouse/generic/tqdm-4.31.1-py2.py3-none-any.whl
Processing /cvmfs/soft.computecanada.ca/custom/python/wheelhouse/generic/traitlets-4.3.2-py2.py3-none-any.whl
Processing /cvmfs/soft.computecanada.ca/custom/python/wheelhouse/generic/wcwidth-0.1.7-py2.py3-none-any.whl
Processing /cvmfs/soft.computecanada.ca/custom/python/wheelhouse/generic/Werkzeug-0.14.1-py2.py3-none-any.whl
Processing /cvmfs/soft.computecanada.ca/custom/python/wheelhouse/generic/opencv_python-3.4.4.19-cp36-cp36m-linux_x86_64.whl
Processing /cvmfs/soft.computecanada.ca/custom/python/wheelhouse/generic/requests-2.24.0-py2.py3-none-any.whl
Processing /cvmfs/soft.computecanada.ca/custom/python/wheelhouse/generic/pymongo-3.9.0-cp36-cp36m-linux_x86_64.whl
Requirement already satisfied: setuptools>=18.5 in /localscratch/alinjose.52800585.0/env/lib/python3.6/site-packages (from ipython==7.2.0->-r /home/alinjose/scratch/alinjose/final_project/covid_19/requirements.txt (line 16)) (28.8.0)
Processing /cvmfs/soft.computecanada.ca/custom/python/wheelhouse/generic/pytz-2020.1-py3-none-any.whl
Processing /cvmfs/soft.computecanada.ca/custom/python/wheelhouse/generic/joblib-0.17.0-py3-none-any.whl
Processing /cvmfs/soft.computecanada.ca/custom/python/wheelhouse/generic/threadpoolctl-2.1.0-py3-none-any.whl
Requirement already satisfied: wheel>=0.26; python_version >= "3" in /localscratch/alinjose.52800585.0/env/lib/python3.6/site-packages (from tensorboard==1.12.2->-r /home/alinjose/scratch/alinjose/final_project/covid_19/requirements.txt (line 45)) (0.29.0)
Processing /cvmfs/soft.computecanada.ca/custom/python/wheelhouse/generic/google_pasta-0.2.0-py3-none-any.whl
Processing /cvmfs/soft.computecanada.ca/custom/python/wheelhouse/generic/astunparse-1.6.3-py2.py3-none-any.whl
Processing /cvmfs/soft.computecanada.ca/custom/python/wheelhouse/generic/opt_einsum-3.3.0-py3-none-any.whl
Processing /cvmfs/soft.computecanada.ca/custom/python/wheelhouse/generic/wrapt-1.11.2-cp36-cp36m-linux_x86_64.whl
Processing /cvmfs/soft.computecanada.ca/custom/python/wheelhouse/generic/idna-2.10-py2.py3-none-any.whl
Processing /cvmfs/soft.computecanada.ca/custom/python/wheelhouse/generic/chardet-3.0.4-py2.py3-none-any.whl
Processing /cvmfs/soft.computecanada.ca/custom/python/wheelhouse/generic/urllib3-1.25.10-py2.py3-none-any.whl
Processing /cvmfs/soft.computecanada.ca/custom/python/wheelhouse/generic/certifi-2020.6.20-py2.py3-none-any.whl
Installing collected packages: six, absl-py, appnope, astor, pycodestyle, autopep8, backcall, cloudpickle, idna, chardet, urllib3, certifi, requests, pymongo, Cpython, cycler, dask, decorator, easydict, gast, grpcio, numpy, h5py, ptyprocess, pexpect, parso, jedi, wcwidth, prompt-toolkit, Pygments, ipython-genutils, traitlets, pickleshare, ipython, Keras-Applications, Keras-Preprocessing, kiwisolver, Markdown, python-dateutil, pyparsing, matplotlib, pbr, mock, networkx, pytz, pandas, Pillow, protobuf, PyWavelets, scikit-image, joblib, threadpoolctl, scipy, scikit-learn, Werkzeug, tensorboard, tensorboardX, tensorflow-estimator, google-pasta, astunparse, termcolor, opt-einsum, wrapt, tensorflow-gpu, toolz, torch, torchvision, tqdm, opencv-python
ERROR: After October 2020 you may experience errors when installing or updating packages. This is because pip will change the way that it resolves dependency conflicts.

We recommend you use --use-feature=2020-resolver to test your packages with the new resolver before it becomes the default.

tensorflow-gpu 2.3.0 requires gast==0.3.3, but you'll have gast 0.2.2 which is incompatible.
tensorflow-gpu 2.3.0 requires h5py<2.11.0,>=2.10.0, but you'll have h5py 2.9.0 which is incompatible.
tensorflow-gpu 2.3.0 requires keras-preprocessing<1.2,>=1.1.1, but you'll have keras-preprocessing 1.0.9 which is incompatible.
tensorflow-gpu 2.3.0 requires protobuf>=3.9.2, but you'll have protobuf 3.6.1 which is incompatible.
tensorflow-gpu 2.3.0 requires scipy==1.4.1, but you'll have scipy 1.2.1 which is incompatible.
tensorflow-gpu 2.3.0 requires tensorboard<3,>=2.3.0, but you'll have tensorboard 1.12.2 which is incompatible.
tensorflow-gpu 2.3.0 requires tensorflow-estimator<2.4.0,>=2.3.0, but you'll have tensorflow-estimator 1.13.0rc0 which is incompatible.
Successfully installed Cpython-0.0.6 Keras-Applications-1.0.7 Keras-Preprocessing-1.0.9 Markdown-3.0.1 Pillow-5.4.1 PyWavelets-1.0.1 Pygments-2.3.1 Werkzeug-0.14.1 absl-py-0.7.1 appnope-0.1.0 astor-0.7.1 astunparse-1.6.3 autopep8-1.4.3 backcall-0.1.0 certifi-2020.6.20 chardet-3.0.4 cloudpickle-0.8.0 cycler-0.10.0 dask-1.1.1 decorator-4.3.2 easydict-1.9 gast-0.2.2 google-pasta-0.2.0 grpcio-1.17.1 h5py-2.9.0 idna-2.10 ipython-7.2.0 ipython-genutils-0.2.0 jedi-0.13.2 joblib-0.17.0 kiwisolver-1.0.1 matplotlib-3.0.2 mock-2.0.0 networkx-2.2 numpy-1.16.0 opencv-python-3.4.4.19 opt-einsum-3.3.0 pandas-1.1.3 parso-0.3.4 pbr-5.1.2 pexpect-4.6.0 pickleshare-0.7.5 prompt-toolkit-2.0.8 protobuf-3.6.1 ptyprocess-0.6.0 pycodestyle-2.5.0 pymongo-3.9.0 pyparsing-2.3.1 python-dateutil-2.8.0 pytz-2020.1 requests-2.24.0 scikit-image-0.14.2 scikit-learn-0.23.0 scipy-1.2.1 six-1.12.0 tensorboard-1.12.2 tensorboardX-1.6 tensorflow-estimator-1.13.0rc0 tensorflow-gpu-2.3.0 termcolor-1.1.0 threadpoolctl-2.1.0 toolz-0.9.0 torch-1.0.1.post2 torchvision-0.2.1 tqdm-4.31.1 traitlets-4.3.2 urllib3-1.25.10 wcwidth-0.1.7 wrapt-1.11.2
cp: cannot stat '/scratch/alinjose/alinjose/final_project/covid_19/cxr8/savedModels/*': No such file or directory
{'train': 75714, 'val': 10810}
best_auc_ave 0.0
Epoch 1/10
----------
/localscratch/alinjose.52800585.0/env/lib/python3.6/site-packages/torchvision/models/densenet.py:212: UserWarning: nn.init.kaiming_normal is now deprecated in favor of nn.init.kaiming_normal_.
  nn.init.kaiming_normal(m.weight.data)
train Loss: 9.0071 AUC: 0.6779  

Atelectasis: 0.7247  
Cardiomegaly: 0.6831  
Effusion: 0.7936  
Infiltration: 0.6217  
Mass: 0.6480  
Nodule: 0.6256  
Pneumonia: 0.6154  
Pneumothorax: 0.7108  


best_auc_ave 0.0
epoch_auc_ave 0.6778778284975313
epoch_auc [0.72468241 0.68313432 0.79361619 0.62172203 0.64799432 0.62563665
 0.61543125 0.71080545]
phase train
val Loss: 8.3562 AUC: 0.7441  

Atelectasis: 0.7702  
Cardiomegaly: 0.7999  
Effusion: 0.8568  
Infiltration: 0.6693  
Mass: 0.7299  
Nodule: 0.6693  
Pneumonia: 0.6884  
Pneumothorax: 0.7690  


best_auc_ave 0.0
epoch_auc_ave 0.7440799472899003
epoch_auc [0.77016187 0.79988219 0.85675499 0.66927192 0.72991123 0.66926471
 0.68835866 0.76903401]
phase val
Rewriting 0.0 by 0.7440799472899003
Model saved to ./savedModels/best_model.pth
Saving the best checkpoint

Epoch 2/10
----------
train Loss: 8.2363 AUC: 0.7539  

Atelectasis: 0.7755  
Cardiomegaly: 0.8255  
Effusion: 0.8528  
Infiltration: 0.6617  
Mass: 0.7420  
Nodule: 0.6994  
Pneumonia: 0.6813  
Pneumothorax: 0.7932  


best_auc_ave 0.7440799472899003
epoch_auc_ave 0.7539263822062507
epoch_auc [0.77553369 0.82552348 0.85276473 0.66168709 0.74198222 0.6994168
 0.68130011 0.79320293]
phase train
val Loss: 8.0106 AUC: 0.7710  

Atelectasis: 0.7884  
Cardiomegaly: 0.8498  
Effusion: 0.8751  
Infiltration: 0.6843  
Mass: 0.7640  
Nodule: 0.7014  
Pneumonia: 0.7089  
Pneumothorax: 0.7962  


best_auc_ave 0.7440799472899003
epoch_auc_ave 0.7710195493029116
epoch_auc [0.78837457 0.84982366 0.87508137 0.6842955  0.76404052 0.70142347
 0.70894678 0.79617053]
phase val
Rewriting 0.7440799472899003 by 0.7710195493029116
Model saved to ./savedModels/best_model.pth
Saving the best checkpoint

Epoch 3/10
----------
train Loss: 7.8742 AUC: 0.7833  

Atelectasis: 0.7907  
Cardiomegaly: 0.8736  
Effusion: 0.8694  
Infiltration: 0.6772  
Mass: 0.7843  
Nodule: 0.7259  
Pneumonia: 0.7222  
Pneumothorax: 0.8230  


best_auc_ave 0.7710195493029116
epoch_auc_ave 0.7832683752736881
epoch_auc [0.79065281 0.87358362 0.86937958 0.67720831 0.78425403 0.72585795
 0.72224657 0.82296414]
phase train
val Loss: 7.7907 AUC: 0.7844  

Atelectasis: 0.7943  
Cardiomegaly: 0.8702  
Effusion: 0.8845  
Infiltration: 0.6928  
Mass: 0.7966  
Nodule: 0.7171  
Pneumonia: 0.7142  
Pneumothorax: 0.8056  


best_auc_ave 0.7710195493029116
epoch_auc_ave 0.78442087363586
epoch_auc [0.79429627 0.87024515 0.88452157 0.69277779 0.79655186 0.71713232
 0.71422421 0.80561781]
phase val
Rewriting 0.7710195493029116 by 0.78442087363586
Model saved to ./savedModels/best_model.pth
Saving the best checkpoint

Epoch 4/10
----------
train Loss: 7.6459 AUC: 0.7999  

Atelectasis: 0.7997  
Cardiomegaly: 0.8946  
Effusion: 0.8799  
Infiltration: 0.6866  
Mass: 0.8142  
Nodule: 0.7416  
Pneumonia: 0.7444  
Pneumothorax: 0.8385  


best_auc_ave 0.78442087363586
epoch_auc_ave 0.7999442664657187
epoch_auc [0.79974816 0.89456695 0.87988323 0.6866169  0.8142119  0.74156448
 0.74444557 0.83851695]
phase train
val Loss: 7.8506 AUC: 0.7875  

Atelectasis: 0.7973  
Cardiomegaly: 0.8755  
Effusion: 0.8863  
Infiltration: 0.6916  
Mass: 0.8035  
Nodule: 0.7185  
Pneumonia: 0.7131  
Pneumothorax: 0.8142  


best_auc_ave 0.78442087363586
epoch_auc_ave 0.7875180313633419
epoch_auc [0.79730809 0.87552688 0.88632017 0.69156774 0.8035445  0.71853593
 0.71312279 0.81421815]
phase val
Rewriting 0.78442087363586 by 0.7875180313633419
Model saved to ./savedModels/best_model.pth
Saving the best checkpoint

Epoch 5/10
----------
train Loss: 7.4194 AUC: 0.8153  

Atelectasis: 0.8069  
Cardiomegaly: 0.9143  
Effusion: 0.8861  
Infiltration: 0.6945  
Mass: 0.8362  
Nodule: 0.7554  
Pneumonia: 0.7711  
Pneumothorax: 0.8582  


best_auc_ave 0.7875180313633419
epoch_auc_ave 0.8153252461875238
epoch_auc [0.80691634 0.91427303 0.88610472 0.69448076 0.83615057 0.75538057
 0.77105661 0.85823938]
phase train
val Loss: 7.7025 AUC: 0.7965  

Atelectasis: 0.8018  
Cardiomegaly: 0.8846  
Effusion: 0.8904  
Infiltration: 0.6967  
Mass: 0.8097  
Nodule: 0.7334  
Pneumonia: 0.7317  
Pneumothorax: 0.8238  


best_auc_ave 0.7875180313633419
epoch_auc_ave 0.796518772906996
epoch_auc [0.80177248 0.88461209 0.89042161 0.6967427  0.80966715 0.73337086
 0.73172542 0.82383788]
phase val
Rewriting 0.7875180313633419 by 0.796518772906996
Model saved to ./savedModels/best_model.pth
Saving the best checkpoint

Epoch 6/10
----------
train Loss: 7.2146 AUC: 0.8275  

Atelectasis: 0.8154  
Cardiomegaly: 0.9264  
Effusion: 0.8931  
Infiltration: 0.6998  
Mass: 0.8531  
Nodule: 0.7749  
Pneumonia: 0.7837  
Pneumothorax: 0.8738  


best_auc_ave 0.796518772906996
epoch_auc_ave 0.8275350557934436
epoch_auc [0.81540137 0.9264174  0.89311586 0.6998461  0.85311435 0.77489831
 0.78373223 0.87375483]
phase train
val Loss: 7.7553 AUC: 0.7954  

Atelectasis: 0.8024  
Cardiomegaly: 0.8793  
Effusion: 0.8915  
Infiltration: 0.6978  
Mass: 0.8158  
Nodule: 0.7345  
Pneumonia: 0.7200  
Pneumothorax: 0.8216  


best_auc_ave 0.796518772906996
epoch_auc_ave 0.7953573855919378
epoch_auc [0.80239135 0.87926163 0.89151619 0.69776689 0.81579849 0.73445378
 0.72002897 0.82164178]
phase val

Epoch 7/10
----------
train Loss: 7.0519 AUC: 0.8375  

Atelectasis: 0.8209  
Cardiomegaly: 0.9365  
Effusion: 0.8970  
Infiltration: 0.7074  
Mass: 0.8666  
Nodule: 0.7863  
Pneumonia: 0.7987  
Pneumothorax: 0.8865  


best_auc_ave 0.796518772906996
epoch_auc_ave 0.8374808525543206
epoch_auc [0.82089244 0.93650102 0.89698348 0.70737075 0.86657776 0.78628771
 0.79870792 0.88652574]
phase train
val Loss: 7.7627 AUC: 0.7961  

Atelectasis: 0.8018  
Cardiomegaly: 0.8846  
Effusion: 0.8905  
Infiltration: 0.7030  
Mass: 0.8187  
Nodule: 0.7241  
Pneumonia: 0.7209  
Pneumothorax: 0.8249  


best_auc_ave 0.796518772906996
epoch_auc_ave 0.7960792024598353
epoch_auc [0.80181517 0.88456293 0.89054142 0.70302557 0.81874234 0.72413231
 0.72092207 0.82489181]
phase val

Epoch 8/10
----------
train Loss: 6.8345 AUC: 0.8504  

Atelectasis: 0.8300  
Cardiomegaly: 0.9420  
Effusion: 0.9021  
Infiltration: 0.7165  
Mass: 0.8857  
Nodule: 0.8019  
Pneumonia: 0.8228  
Pneumothorax: 0.9020  


best_auc_ave 0.796518772906996
epoch_auc_ave 0.8503621355256994
epoch_auc [0.82999651 0.94195354 0.90208864 0.71649501 0.88568743 0.8019066
 0.82275111 0.90201825]
phase train
val Loss: 8.0764 AUC: 0.7937  

Atelectasis: 0.7999  
Cardiomegaly: 0.8846  
Effusion: 0.8911  
Infiltration: 0.6974  
Mass: 0.8100  
Nodule: 0.7274  
Pneumonia: 0.7193  
Pneumothorax: 0.8197  


best_auc_ave 0.796518772906996
epoch_auc_ave 0.7936652347990725
epoch_auc [0.79986888 0.88457294 0.89107734 0.69739352 0.81003751 0.72736572
 0.71931711 0.81968887]
phase val

Epoch 9/10
----------
train Loss: 6.6628 AUC: 0.8581  

Atelectasis: 0.8355  
Cardiomegaly: 0.9499  
Effusion: 0.9068  
Infiltration: 0.7198  
Mass: 0.8957  
Nodule: 0.8125  
Pneumonia: 0.8362  
Pneumothorax: 0.9087  


best_auc_ave 0.796518772906996
epoch_auc_ave 0.8581141694768413
epoch_auc [0.83545108 0.94990374 0.90676449 0.71981605 0.89569034 0.81247428
 0.83615329 0.90866008]
phase train
val Loss: 8.0163 AUC: 0.7859  

Atelectasis: 0.7991  
Cardiomegaly: 0.8748  
Effusion: 0.8882  
Infiltration: 0.6974  
Mass: 0.8059  
Nodule: 0.7259  
Pneumonia: 0.6834  
Pneumothorax: 0.8126  


best_auc_ave 0.796518772906996
epoch_auc_ave 0.7859178787289378
epoch_auc [0.7991071  0.8748417  0.8881939  0.69737955 0.805907   0.72594188
 0.68337893 0.81259296]
phase val

Epoch 10/10
----------
train Loss: 6.4678 AUC: 0.8690  

Atelectasis: 0.8428  
Cardiomegaly: 0.9560  
Effusion: 0.9098  
Infiltration: 0.7231  
Mass: 0.9069  
Nodule: 0.8271  
Pneumonia: 0.8614  
Pneumothorax: 0.9250  


best_auc_ave 0.796518772906996
epoch_auc_ave 0.8690128441015944
epoch_auc [0.84278954 0.95600316 0.90982085 0.72313091 0.90689317 0.82706966
 0.86142348 0.924972  ]
phase train
val Loss: 8.1067 AUC: 0.7935  

Atelectasis: 0.8027  
Cardiomegaly: 0.8725  
Effusion: 0.8905  
Infiltration: 0.6973  
Mass: 0.8119  
Nodule: 0.7230  
Pneumonia: 0.7199  
Pneumothorax: 0.8301  


best_auc_ave 0.796518772906996
epoch_auc_ave 0.7934994516436542
epoch_auc [0.80267913 0.87253386 0.89051472 0.69730186 0.81193372 0.72302729
 0.71988299 0.83012204]
phase val

Training complete in 142m 34s
Best val AUC: 0.796519

Atelectasis: 0.8018 
Cardiomegaly: 0.8846 
Effusion: 0.8904 
Infiltration: 0.6967 
Mass: 0.8097 
Nodule: 0.7334 
Pneumonia: 0.7317 
Pneumothorax: 0.8238 
cp: cannot stat '/localscratch/alinjose.52800585.0/outputs/*': No such file or directory
